INFO  15:14:46,801 - Compiling source file: C:\Users\Marko\Desktop\ProjectPP\workspace\MJCompiler\test\program.mj
INFO  15:14:46,827 - #1 program
INFO  15:14:46,828 - #19 MJProgram
INFO  15:14:46,828 - #19 char
INFO  15:14:46,828 - #19 x
INFO  15:14:46,828 - #40 ,
INFO  15:14:46,828 - #19 y
INFO  15:14:46,828 - #39 ;
INFO  15:14:46,828 - #46 {
INFO  15:14:46,828 - #15 void
INFO  15:14:46,829 - #19 main
INFO  15:14:46,829 - #42 (
INFO  15:14:46,829 - #43 )
INFO  15:14:46,829 - #46 {
INFO  15:14:46,830 - #19 char
INFO  15:14:46,830 - #19 x
INFO  15:14:46,830 - #36 =
INFO  15:14:46,830 - #21 'a'
INFO  15:14:46,830 - #39 ;
INFO  15:14:46,830 - #47 }
INFO  15:14:46,830 - #47 }
INFO  15:16:11,538 - Compiling source file: C:\Users\Marko\Desktop\ProjectPP\workspace\MJCompiler\test\program.mj
INFO  15:16:11,556 - #1 program
INFO  15:16:11,556 - #19 MJProgram
INFO  15:16:11,556 - #19 char
INFO  15:16:11,556 - #19 x
INFO  15:16:11,556 - #40 ,
INFO  15:16:11,556 - #19 y
INFO  15:16:11,556 - #39 ;
INFO  15:16:11,556 - #46 {
INFO  15:16:11,557 - #15 void
INFO  15:16:11,557 - #19 main
INFO  15:16:11,557 - #42 (
INFO  15:16:11,557 - #43 )
INFO  15:16:11,557 - #46 {
INFO  15:16:11,557 - #19 char
INFO  15:16:11,557 - #19 x
INFO  15:16:11,557 - #36 =
INFO  15:16:11,557 - #21 'a'
INFO  15:16:11,557 - #39 ;
INFO  15:16:11,558 - #47 }
INFO  15:16:11,558 - #47 }
INFO  15:16:34,484 - Compiling source file: C:\Users\Marko\Desktop\ProjectPP\workspace\MJCompiler\test\program.mj
INFO  15:16:34,499 - #1 program
INFO  15:16:34,499 - #21 MJProgram
INFO  15:16:34,499 - #21 char
INFO  15:16:34,499 - #21 x
INFO  15:16:34,499 - #40 ,
INFO  15:16:34,500 - #21 y
INFO  15:16:34,500 - #39 ;
INFO  15:16:34,500 - #46 {
INFO  15:16:34,500 - #15 void
INFO  15:16:34,500 - #21 main
INFO  15:16:34,500 - #42 (
INFO  15:16:34,500 - #43 )
INFO  15:16:34,500 - #46 {
INFO  15:16:34,500 - #21 char
INFO  15:16:34,500 - #21 x
INFO  15:16:34,500 - #36 =
INFO  15:19:38,700 - Compiling source file: C:\Users\Marko\Desktop\ProjectPP\workspace\MJCompiler\test\program.mj
INFO  15:19:38,731 - #1 program
INFO  15:19:38,731 - #19 MJProgram
INFO  15:19:38,731 - #19 char
INFO  15:19:38,731 - #19 x
INFO  15:19:38,731 - #40 ,
INFO  15:19:38,731 - #19 y
INFO  15:19:38,731 - #39 ;
INFO  15:19:38,731 - #46 {
INFO  15:19:38,732 - #15 void
INFO  15:19:38,732 - #19 main
INFO  15:19:38,732 - #42 (
INFO  15:19:38,732 - #43 )
INFO  15:19:38,732 - #46 {
INFO  15:19:38,732 - #19 char
INFO  15:19:38,732 - #19 x
INFO  15:19:38,732 - #36 =
INFO  15:20:22,361 - Compiling source file: C:\Users\Marko\Desktop\ProjectPP\workspace\MJCompiler\test\program.mj
INFO  15:20:22,399 - #1 program
INFO  15:20:22,399 - #19 MJProgram
INFO  15:20:22,399 - #19 char
INFO  15:20:22,399 - #19 x
INFO  15:20:22,400 - #40 ,
INFO  15:20:22,400 - #19 y
INFO  15:20:22,400 - #39 ;
INFO  15:20:22,400 - #46 {
INFO  15:20:22,400 - #15 void
INFO  15:20:22,400 - #19 main
INFO  15:20:22,401 - #42 (
INFO  15:20:22,401 - #43 )
INFO  15:20:22,401 - #46 {
INFO  15:20:22,401 - #19 char
INFO  15:20:22,401 - #19 x
INFO  15:20:22,401 - #36 =
INFO  15:20:56,648 - Compiling source file: C:\Users\Marko\Desktop\ProjectPP\workspace\MJCompiler\test\program.mj
INFO  15:20:56,667 - #1 program
INFO  15:20:56,667 - #19 MJProgram
INFO  15:20:56,667 - #19 char
INFO  15:20:56,667 - #19 x
INFO  15:20:56,667 - #40 ,
INFO  15:20:56,667 - #19 y
INFO  15:20:56,667 - #39 ;
INFO  15:20:56,668 - #46 {
INFO  15:20:56,668 - #15 void
INFO  15:20:56,668 - #19 main
INFO  15:20:56,668 - #42 (
INFO  15:20:56,668 - #43 )
INFO  15:20:56,668 - #46 {
INFO  15:20:56,668 - #19 char
INFO  15:20:56,668 - #19 x
INFO  15:20:56,668 - #36 =
INFO  15:20:56,668 - #21 'a'
INFO  15:20:56,668 - #39 ;
INFO  15:20:56,668 - #47 }
INFO  15:20:56,668 - #47 }
INFO  15:21:22,197 - Compiling source file: C:\Users\Marko\Desktop\ProjectPP\workspace\MJCompiler\test\program.mj
INFO  15:21:22,216 - #1 program
INFO  15:21:22,216 - #19 MJProgram
INFO  15:21:22,217 - #19 char
INFO  15:21:22,217 - #19 x
INFO  15:21:22,217 - #40 ,
INFO  15:21:22,217 - #19 y
INFO  15:21:22,217 - #39 ;
INFO  15:21:22,217 - #46 {
INFO  15:21:22,217 - #15 void
INFO  15:21:22,217 - #19 main
INFO  15:21:22,217 - #42 (
INFO  15:21:22,217 - #43 )
INFO  15:21:22,217 - #46 {
INFO  15:21:22,217 - #19 char
INFO  15:21:22,218 - #19 x
INFO  15:21:22,218 - #36 =
INFO  15:21:22,218 - #21 'a'
INFO  15:21:22,218 - #39 ;
INFO  15:21:22,218 - #47 }
INFO  15:21:22,218 - #47 }
INFO  15:24:13,153 - Compiling source file: C:\Users\Marko\Desktop\ProjectPP\workspace\MJCompiler\test\program.mj
INFO  15:24:13,174 - #1 program
INFO  15:24:13,174 - #19 MJProgram
INFO  15:24:13,174 - #19 char
INFO  15:24:13,174 - #19 x
INFO  15:24:13,174 - #40 ,
INFO  15:24:13,174 - #19 y
INFO  15:24:13,174 - #39 ;
INFO  15:24:13,174 - #46 {
INFO  15:24:13,175 - #15 void
INFO  15:24:13,175 - #19 main
INFO  15:24:13,175 - #42 (
INFO  15:24:13,175 - #43 )
INFO  15:24:13,175 - #46 {
INFO  15:24:13,175 - #19 char
INFO  15:24:13,175 - #19 x
INFO  15:24:13,175 - #36 =
INFO  15:24:13,175 - #21 'a'
INFO  15:24:13,175 - #39 ;
INFO  15:24:13,176 - #47 }
INFO  15:24:13,176 - #47 }
INFO  15:27:32,572 - Compiling source file: C:\Users\Marko\Desktop\ProjectPP\workspace\MJCompiler\test\program.mj
INFO  15:27:32,588 - #1 program
INFO  15:27:32,588 - #19 MJProgram
INFO  15:27:32,588 - #19 char
INFO  15:27:32,588 - #19 x
INFO  15:27:32,588 - #40 ,
INFO  15:27:32,588 - #19 y
INFO  15:27:32,588 - #39 ;
INFO  15:27:32,588 - #46 {
INFO  15:27:32,588 - #15 void
INFO  15:27:32,588 - #19 main
INFO  15:27:32,588 - #42 (
INFO  15:27:32,588 - #43 )
INFO  15:27:32,588 - #46 {
INFO  15:27:32,588 - #19 char
INFO  15:27:32,589 - #19 x
INFO  15:27:32,589 - #36 =
INFO  15:27:32,589 - #21 'a'
INFO  15:27:32,589 - #39 ;
INFO  15:27:32,589 - #47 }
INFO  15:27:32,589 - #47 }
INFO  15:28:17,675 - Compiling source file: C:\Users\Marko\Desktop\ProjectPP\workspace\MJCompiler\test\program.mj
INFO  15:28:17,696 - #1 program
INFO  15:28:17,696 - #19 MJProgram
INFO  15:28:17,696 - #19 char
INFO  15:28:17,696 - #19 x
INFO  15:28:17,696 - #40 ,
INFO  15:28:17,696 - #19 y
INFO  15:28:17,696 - #39 ;
INFO  15:28:17,696 - #46 {
INFO  15:28:17,697 - #15 void
INFO  15:28:17,697 - #19 main
INFO  15:28:17,697 - #42 (
INFO  15:28:17,697 - #43 )
INFO  15:28:17,697 - #46 {
INFO  15:28:17,697 - #19 char
INFO  15:28:17,697 - #19 x
INFO  15:28:17,697 - #36 =
INFO  15:28:17,698 - #21 '
INFO  15:28:17,698 - #39 ;
INFO  15:28:17,698 - #47 }
INFO  15:28:17,698 - #47 }
INFO  15:28:43,223 - Compiling source file: C:\Users\Marko\Desktop\ProjectPP\workspace\MJCompiler\test\program.mj
INFO  15:28:43,239 - #1 program
INFO  15:28:43,239 - #19 MJProgram
INFO  15:28:43,239 - #19 char
INFO  15:28:43,239 - #19 x
INFO  15:28:43,239 - #40 ,
INFO  15:28:43,239 - #19 y
INFO  15:28:43,239 - #39 ;
INFO  15:28:43,239 - #46 {
INFO  15:28:43,239 - #15 void
INFO  15:28:43,239 - #19 main
INFO  15:28:43,239 - #42 (
INFO  15:28:43,239 - #43 )
INFO  15:28:43,240 - #46 {
INFO  15:28:43,240 - #19 char
INFO  15:28:43,240 - #19 x
INFO  15:28:43,240 - #36 =
INFO  15:28:43,241 - #21 a
INFO  15:28:43,241 - #39 ;
INFO  15:28:43,241 - #47 }
INFO  15:28:43,241 - #47 }
INFO  18:01:41,405 - Compiling source file: C:\Users\Marko\Desktop\ProjectPP\workspace\MJCompiler\test\program.mj
INFO  18:01:41,440 - #1 program
INFO  18:01:41,440 - #19 MJProgram
INFO  18:01:41,441 - #19 char
INFO  18:01:41,441 - #19 x
INFO  18:01:41,441 - #40 ,
INFO  18:01:41,441 - #19 y
INFO  18:01:41,441 - #39 ;
INFO  18:01:41,441 - #46 {
INFO  18:01:41,441 - #15 void
INFO  18:01:41,442 - #19 main
INFO  18:01:41,442 - #42 (
INFO  18:01:41,442 - #43 )
INFO  18:01:41,442 - #46 {
INFO  18:01:41,442 - #19 char
INFO  18:01:41,442 - #19 x
INFO  18:01:41,442 - #36 =
INFO  18:01:41,443 - #21 a
INFO  18:01:41,443 - #39 ;
INFO  18:01:41,443 - #47 }
INFO  18:01:41,443 - #47 }
